# JRE version: OpenJDK Runtime Environment (11.0+28) (build 11+28)
# Java VM: OpenJDK 64-Bit Server VM (11+28, mixed mode, tiered, compressed oops, g1 gc, windows-amd64)
Heap:
 garbage-first heap   total 131072K, used 79862K [0x0000000081400000, 0x0000000100000000)
  region size 1024K, 73 young (74752K), 8 survivors (8192K)
 Metaspace       used 37740K, capacity 38788K, committed 39040K, reserved 1083392K
  class space    used 4466K, capacity 4906K, committed 4992K, reserved 1048576K
GC Heap History (10 events):
Event: 3.668 GC heap before
{Heap before GC invocations=2 (full 0):
 garbage-first heap   total 131072K, used 31121K [0x0000000081400000, 0x0000000100000000)
  region size 1024K, 26 young (26624K), 1 survivors (1024K)
 Metaspace       used 16342K, capacity 16822K, committed 17152K, reserved 1064960K
  class space    used 1751K, capacity 1942K, committed 2048K, reserved 1048576K
}
Event: 3.702 GC heap after
{Heap after GC invocations=3 (full 0):
 garbage-first heap   total 131072K, used 8020K [0x0000000081400000, 0x0000000100000000)
  region size 1024K, 2 young (2048K), 2 survivors (2048K)
 Metaspace       used 16342K, capacity 16822K, committed 17152K, reserved 1064960K
  class space    used 1751K, capacity 1942K, committed 2048K, reserved 1048576K
}
Event: 4.274 GC heap before
{Heap before GC invocations=3 (full 0):
 garbage-first heap   total 131072K, used 29524K [0x0000000081400000, 0x0000000100000000)
  region size 1024K, 25 young (25600K), 2 survivors (2048K)
 Metaspace       used 20623K, capacity 21107K, committed 21248K, reserved 1069056K
  class space    used 2225K, capacity 2437K, committed 2560K, reserved 1048576K
}
Event: 4.279 GC heap after
{Heap after GC invocations=4 (full 0):
 garbage-first heap   total 131072K, used 8634K [0x0000000081400000, 0x0000000100000000)
  region size 1024K, 3 young (3072K), 3 survivors (3072K)
 Metaspace       used 20623K, capacity 21107K, committed 21248K, reserved 1069056K
  class space    used 2225K, capacity 2437K, committed 2560K, reserved 1048576K
}
Event: 5.577 GC heap before
{Heap before GC invocations=5 (full 0):
 garbage-first heap   total 131072K, used 69050K [0x0000000081400000, 0x0000000100000000)
  region size 1024K, 63 young (64512K), 3 survivors (3072K)
 Metaspace       used 24617K, capacity 25290K, committed 25600K, reserved 1071104K
  class space    used 2736K, capacity 3000K, committed 3072K, reserved 1048576K
}
Event: 5.584 GC heap after
{Heap after GC invocations=6 (full 0):
 garbage-first heap   total 131072K, used 10774K [0x0000000081400000, 0x0000000100000000)
  region size 1024K, 5 young (5120K), 5 survivors (5120K)
 Metaspace       used 24617K, capacity 25290K, committed 25600K, reserved 1071104K
  class space    used 2736K, capacity 3000K, committed 3072K, reserved 1048576K
}
Event: 7.512 GC heap before
{Heap before GC invocations=6 (full 0):
 garbage-first heap   total 131072K, used 82454K [0x0000000081400000, 0x0000000100000000)
  region size 1024K, 76 young (77824K), 5 survivors (5120K)
 Metaspace       used 28946K, capacity 29678K, committed 29824K, reserved 1075200K
  class space    used 3300K, capacity 3605K, committed 3712K, reserved 1048576K
}
Event: 7.525 GC heap after
{Heap after GC invocations=7 (full 0):
 garbage-first heap   total 131072K, used 12796K [0x0000000081400000, 0x0000000100000000)
  region size 1024K, 7 young (7168K), 7 survivors (7168K)
 Metaspace       used 28946K, capacity 29678K, committed 29824K, reserved 1075200K
  class space    used 3300K, capacity 3605K, committed 3712K, reserved 1048576K
}
Event: 10.618 GC heap before
{Heap before GC invocations=7 (full 0):
 garbage-first heap   total 131072K, used 56828K [0x0000000081400000, 0x0000000100000000)
  region size 1024K, 51 young (52224K), 7 survivors (7168K)
 Metaspace       used 34768K, capacity 35694K, committed 35840K, reserved 1081344K
  class space    used 4114K, capacity 4494K, committed 4608K, reserved 1048576K
}
Event: 10.648 GC heap after
{Heap after GC invocations=8 (full 0):
 garbage-first heap   total 131072K, used 15350K [0x0000000081400000, 0x0000000100000000)
  region size 1024K, 8 young (8192K), 8 survivors (8192K)
 Metaspace       used 34768K, capacity 35694K, committed 35840K, reserved 1081344K
  class space    used 4114K, capacity 4494K, committed 4608K, reserved 1048576K
}

