# JRE version: OpenJDK Runtime Environment (11.0+28) (build 11+28)
# Java VM: OpenJDK 64-Bit Server VM (11+28, mixed mode, tiered, compressed oops, g1 gc, windows-amd64)
Heap:
 garbage-first heap   total 262144K, used 183189K [0x00000000e0000000, 0x0000000100000000)
  region size 1024K, 150 young (153600K), 16 survivors (16384K)
 Metaspace       used 69221K, capacity 71582K, committed 71720K, reserved 448512K
  class space    used 9088K, capacity 9967K, committed 10072K, reserved 385024K
GC Heap History (10 events):
Event: 12.719 GC heap before
{Heap before GC invocations=7 (full 0):
 garbage-first heap   total 262144K, used 100146K [0x00000000e0000000, 0x0000000100000000)
  region size 1024K, 81 young (82944K), 3 survivors (3072K)
 Metaspace       used 32544K, capacity 33396K, committed 33664K, reserved 415744K
  class space    used 4381K, capacity 4704K, committed 4736K, reserved 385024K
}
Event: 12.729 GC heap after
{Heap after GC invocations=8 (full 0):
 garbage-first heap   total 262144K, used 22743K [0x00000000e0000000, 0x0000000100000000)
  region size 1024K, 5 young (5120K), 5 survivors (5120K)
 Metaspace       used 32544K, capacity 33396K, committed 33664K, reserved 415744K
  class space    used 4381K, capacity 4704K, committed 4736K, reserved 385024K
}
Event: 13.308 GC heap before
{Heap before GC invocations=8 (full 0):
 garbage-first heap   total 262144K, used 38103K [0x00000000e0000000, 0x0000000100000000)
  region size 1024K, 22 young (22528K), 5 survivors (5120K)
 Metaspace       used 35014K, capacity 35951K, committed 36048K, reserved 417792K
  class space    used 4706K, capacity 5068K, committed 5120K, reserved 385024K
}
Event: 13.321 GC heap after
{Heap after GC invocations=9 (full 0):
 garbage-first heap   total 262144K, used 24372K [0x00000000e0000000, 0x0000000100000000)
  region size 1024K, 7 young (7168K), 7 survivors (7168K)
 Metaspace       used 35014K, capacity 35951K, committed 36048K, reserved 417792K
  class space    used 4706K, capacity 5068K, committed 5120K, reserved 385024K
}
Event: 15.570 GC heap before
{Heap before GC invocations=10 (full 0):
 garbage-first heap   total 262144K, used 139060K [0x00000000e0000000, 0x0000000100000000)
  region size 1024K, 113 young (115712K), 7 survivors (7168K)
 Metaspace       used 46144K, capacity 47348K, committed 47568K, reserved 428032K
  class space    used 5943K, capacity 6388K, committed 6400K, reserved 385024K
}
Event: 15.603 GC heap after
{Heap after GC invocations=11 (full 0):
 garbage-first heap   total 262144K, used 32710K [0x00000000e0000000, 0x0000000100000000)
  region size 1024K, 15 young (15360K), 15 survivors (15360K)
 Metaspace       used 46144K, capacity 47348K, committed 47568K, reserved 428032K
  class space    used 5943K, capacity 6388K, committed 6400K, reserved 385024K
}
Event: 21.215 GC heap before
{Heap before GC invocations=11 (full 0):
 garbage-first heap   total 262144K, used 154566K [0x00000000e0000000, 0x0000000100000000)
  region size 1024K, 135 young (138240K), 15 survivors (15360K)
 Metaspace       used 58910K, capacity 60416K, committed 60496K, reserved 438272K
  class space    used 7704K, capacity 8291K, committed 8320K, reserved 385024K
}
Event: 21.253 GC heap after
{Heap after GC invocations=12 (full 0):
 garbage-first heap   total 262144K, used 37440K [0x00000000e0000000, 0x0000000100000000)
  region size 1024K, 14 young (14336K), 14 survivors (14336K)
 Metaspace       used 58910K, capacity 60416K, committed 60496K, reserved 438272K
  class space    used 7704K, capacity 8291K, committed 8320K, reserved 385024K
}
Event: 25.312 GC heap before
{Heap before GC invocations=13 (full 0):
 garbage-first heap   total 262144K, used 178752K [0x00000000e0000000, 0x0000000100000000)
  region size 1024K, 153 young (156672K), 14 survivors (14336K)
 Metaspace       used 66586K, capacity 68814K, committed 68904K, reserved 444416K
  class space    used 8862K, capacity 9740K, committed 9816K, reserved 385024K
}
Event: 25.349 GC heap after
{Heap after GC invocations=14 (full 0):
 garbage-first heap   total 262144K, used 46997K [0x00000000e0000000, 0x0000000100000000)
  region size 1024K, 16 young (16384K), 16 survivors (16384K)
 Metaspace       used 66586K, capacity 68814K, committed 68904K, reserved 444416K
  class space    used 8862K, capacity 9740K, committed 9816K, reserved 385024K
}

